2021-01-07T00:41:00,272Z | INFO  | main | o.f.o.l.Launcher | @system | Reading the configuration from /var/ig/config/admin.json
2021-01-07T00:41:00,577Z | INFO  | main | o.f.o.l.Launcher | @system | Environment:
2021-01-07T00:41:00,578Z | INFO  | main | o.f.o.l.Launcher | @system | - instance directory: /var/ig
2021-01-07T00:41:00,580Z | INFO  | main | o.f.o.l.Launcher | @system | - temporary directory: /var/ig/tmp
2021-01-07T00:41:00,620Z | WARN  | main | o.f.o.l.Launcher | @system | The product is running in DEVELOPMENT mode - by default, all endpoints are open and accessible. Do not use this mode for a production environment. To switch to PRODUCTION mode, remove or set the top-level attribute '"mode": "PRODUCTION"' to '/var/ig/config/admin.json'
2021-01-07T00:41:02,969Z | INFO  | main | o.f.api.models.Items | @system | Asked for Items for annotated type, but type does not have required RequestHandler annotation. No api descriptor will be available for class org.forgerock.monitoring.DropwizardMetricsCollectionResourceProvider
2021-01-07T00:41:02,973Z | INFO  | main | o.f.a.m.Resource | @system | Asked for Resource for annotated type, but type does not have required RequestHandler annotation. No api descriptor will be available for class org.forgerock.monitoring.DropwizardMetricsCollectionResourceProvider
2021-01-07T00:41:04,267Z | INFO  | main | o.f.o.l.Launcher | @system | /var/ig/config/config.json not readable, using default-config.json
2021-01-07T00:41:04,989Z | INFO  | main | o.f.o.h.r.RouterHandler | @system | Routes endpoint available at '/openig/api/system/objects/_router/routes'
2021-01-07T00:41:05,401Z | INFO  | main | o.f.o.l.Launcher | @system | All 5 verticles started in 5290ms on ports : [8080]
2021-01-07T00:49:10,791Z | INFO  | pool-2-thread-1 | o.f.o.h.r.RouterHandler | @system | Loaded the route with id '00_test_route' registered with the name 'test_route'
2021-01-07T00:49:10,807Z | INFO  | pool-2-thread-1 | o.f.o.h.r.RouterHandler | @system | Deployed the route with id '00_test_route' named 'test_route'
2021-01-07T00:57:35,023Z | INFO  | pool-2-thread-1 | o.f.o.h.r.RouterHandler | @system | Unloaded the route with id '00_test_route'
2021-01-07T00:57:35,041Z | INFO  | pool-2-thread-1 | o.f.o.h.r.RouterHandler | @system | Loaded the route with id '00_test_route' registered with the name 'test_route'
2021-01-07T00:57:56,287Z | INFO  | pool-2-thread-1 | o.f.o.h.r.RouterHandler | @system | Unloaded the route with id '00_test_route'
2021-01-07T00:57:56,298Z | INFO  | pool-2-thread-1 | o.f.o.h.r.RouterHandler | @system | Loaded the route with id '00_test_route' registered with the name 'test_route'
2021-01-07T00:57:56,309Z | INFO  | pool-2-thread-1 | o.f.o.h.r.RouterHandler | @system | Updated the route with id '00_test_route'
2021-01-07T00:58:35,024Z | INFO  | pool-2-thread-1 | o.f.o.h.r.RouterHandler | @system | Unloaded the route with id '00_test_route'
2021-01-07T00:58:35,046Z | INFO  | pool-2-thread-1 | o.f.o.h.r.RouterHandler | @system | Loaded the route with id '00_test_route' registered with the name 'test_route'
2021-01-07T00:59:55,030Z | INFO  | pool-2-thread-1 | o.f.o.h.r.RouterHandler | @system | Unloaded the route with id '00_test_route'
2021-01-07T00:59:55,051Z | INFO  | pool-2-thread-1 | o.f.o.h.r.RouterHandler | @system | Loaded the route with id '00_test_route' registered with the name 'test_route'
2021-01-07T01:12:35,032Z | INFO  | pool-2-thread-1 | o.f.o.h.r.RouterHandler | @system | Unloaded the route with id '00_test_route'
2021-01-07T01:12:35,056Z | ERROR | pool-2-thread-1 | o.f.o.h.r.RouterHandler | @system | An error occurred while reading the route defined in the file '/var/ig/config/routes/00_test_route.json'.
org.forgerock.openig.handler.router.RouterHandlerException: An error occurred while loading the route with the name 'test_route'
	at org.forgerock.openig.handler.router.RouterHandler.load(RouterHandler.java:308)
	at org.forgerock.openig.handler.router.RouterHandler.onAddedFile(RouterHandler.java:420)
	at org.forgerock.openig.handler.router.RouterHandler.onModifiedFile(RouterHandler.java:439)
	at org.forgerock.openig.handler.router.RouterHandler.onChanges(RouterHandler.java:408)
	at org.forgerock.openig.handler.router.DirectoryMonitor.monitor(DirectoryMonitor.java:112)
	at org.forgerock.openig.handler.router.RouterHandler$Heaplet.lambda$start$0(RouterHandler.java:526)
	at java.base/java.util.concurrent.Executors$RunnableAdapter.call(Unknown Source)
	at java.base/java.util.concurrent.FutureTask.runAndReset(Unknown Source)
	at java.base/java.util.concurrent.ScheduledThreadPoolExecutor$ScheduledFutureTask.run(Unknown Source)
	at java.base/java.util.concurrent.ThreadPoolExecutor.runWorker(Unknown Source)
	at java.base/java.util.concurrent.ThreadPoolExecutor$Worker.run(Unknown Source)
	at java.base/java.lang.Thread.run(Unknown Source)
Caused by: org.forgerock.openig.heap.HeapException: Invalid object declaration
	at org.forgerock.openig.heap.HeapImpl.resolve(HeapImpl.java:512)
	at org.forgerock.openig.heap.HeapImpl.resolve(HeapImpl.java:504)
	at org.forgerock.openig.util.JsonValues.lambda$requiredHeapObject$7(JsonValues.java:391)
	at org.forgerock.json.JsonValue.as(JsonValue.java:530)
	at org.forgerock.json.JsonValueFunctions.lambda$listOf$10(JsonValueFunctions.java:268)
	at org.forgerock.json.JsonValue.as(JsonValue.java:530)
	at org.forgerock.openig.filter.ChainHandlerHeaplet.create(ChainHandlerHeaplet.java:54)
	at org.forgerock.openig.heap.GenericHeaplet.create(GenericHeaplet.java:75)
	at org.forgerock.openig.heap.HeapImpl.extract(HeapImpl.java:485)
	at org.forgerock.openig.heap.HeapImpl.get(HeapImpl.java:432)
	at org.forgerock.openig.heap.HeapImpl.resolve0(HeapImpl.java:547)
	at org.forgerock.openig.heap.HeapImpl.resolve(HeapImpl.java:510)
	at org.forgerock.openig.heap.HeapImpl.resolve(HeapImpl.java:504)
	at org.forgerock.openig.heap.HeapImpl.getHandler(HeapImpl.java:685)
	at org.forgerock.openig.handler.router.RouteBuilder.setupRouteHandler(RouteBuilder.java:274)
	at org.forgerock.openig.handler.router.RouteBuilder.build(RouteBuilder.java:192)
	at org.forgerock.openig.handler.router.RouterHandler.load(RouterHandler.java:305)
	... 11 common frames omitted
Caused by: org.forgerock.json.JsonValueException: /handler/config/filters/0/config/file: Failed to build script
	at org.forgerock.openig.script.AbstractScriptableHeapObject$AbstractScriptableHeaplet.compileScript(AbstractScriptableHeapObject.java:165)
	at org.forgerock.openig.script.AbstractScriptableHeapObject$AbstractScriptableHeaplet.create(AbstractScriptableHeapObject.java:94)
	at org.forgerock.openig.filter.ScriptableFilter$Heaplet.create(ScriptableFilter.java:57)
	at org.forgerock.openig.heap.GenericHeaplet.create(GenericHeaplet.java:75)
	at org.forgerock.openig.heap.HeapImpl.extract(HeapImpl.java:485)
	at org.forgerock.openig.heap.HeapImpl.get(HeapImpl.java:432)
	at org.forgerock.openig.heap.HeapImpl.resolve0(HeapImpl.java:547)
	at org.forgerock.openig.heap.HeapImpl.resolve(HeapImpl.java:510)
	... 27 common frames omitted
Caused by: javax.script.ScriptException: groovy.util.ResourceException: Cannot open URL: file:/var/ig/scripts/groovy/OpenAMJwtUri.groovy
	at org.forgerock.openig.script.GroovyScriptFactory.createResource(GroovyScriptFactory.java:138)
	at org.forgerock.openig.script.GroovyScriptFactory.createResource(GroovyScriptFactory.java:114)
	at org.forgerock.openig.script.AbstractScriptableHeapObject$AbstractScriptableHeaplet.compileScript(AbstractScriptableHeapObject.java:163)
	... 34 common frames omitted
Caused by: groovy.util.ResourceException: Cannot open URL: file:/var/ig/scripts/groovy/OpenAMJwtUri.groovy
	at groovy.util.GroovyScriptEngine.getResourceConnection(GroovyScriptEngine.java:384)
	at groovy.util.GroovyScriptEngine.loadScriptByName(GroovyScriptEngine.java:519)
	at org.forgerock.openig.script.GroovyScriptFactory.createResource(GroovyScriptFactory.java:119)
	... 36 common frames omitted
2021-01-07T01:17:55,031Z | WARN  | pool-2-thread-1 | o.f.o.h.r.RouterHandler | @system | The file '/var/ig/config/routes/00_test_route.json' has not been loaded yet, removal ignored.
org.forgerock.openig.handler.router.RouterHandlerException: No route with id '00_test_route' was loaded : unable to unload it.
	at org.forgerock.openig.handler.router.RouterHandler.unload(RouterHandler.java:326)
	at org.forgerock.openig.handler.router.RouterHandler.onRemovedFile(RouterHandler.java:430)
	at org.forgerock.openig.handler.router.RouterHandler.onModifiedFile(RouterHandler.java:438)
	at org.forgerock.openig.handler.router.RouterHandler.onChanges(RouterHandler.java:408)
	at org.forgerock.openig.handler.router.DirectoryMonitor.monitor(DirectoryMonitor.java:112)
	at org.forgerock.openig.handler.router.RouterHandler$Heaplet.lambda$start$0(RouterHandler.java:526)
	at java.base/java.util.concurrent.Executors$RunnableAdapter.call(Unknown Source)
	at java.base/java.util.concurrent.FutureTask.runAndReset(Unknown Source)
	at java.base/java.util.concurrent.ScheduledThreadPoolExecutor$ScheduledFutureTask.run(Unknown Source)
	at java.base/java.util.concurrent.ThreadPoolExecutor.runWorker(Unknown Source)
	at java.base/java.util.concurrent.ThreadPoolExecutor$Worker.run(Unknown Source)
	at java.base/java.lang.Thread.run(Unknown Source)
2021-01-07T01:17:55,086Z | INFO  | pool-2-thread-1 | o.f.o.h.r.RouterHandler | @system | Loaded the route with id '00_test_route' registered with the name 'test_route'
2021-01-07T01:22:45,037Z | INFO  | pool-2-thread-1 | o.f.o.h.r.RouterHandler | @system | Unloaded the route with id '00_test_route'
2021-01-07T01:22:45,066Z | INFO  | pool-2-thread-1 | o.f.o.h.r.RouterHandler | @system | Loaded the route with id '00_test_route' registered with the name 'test_route'
2021-01-07T01:24:55,040Z | INFO  | pool-2-thread-1 | o.f.o.h.r.RouterHandler | @system | Unloaded the route with id '00_test_route'
2021-01-07T01:24:55,062Z | INFO  | pool-2-thread-1 | o.f.o.h.r.RouterHandler | @system | Loaded the route with id '00_test_route' registered with the name 'test_route'
2021-01-07T01:25:25,039Z | INFO  | pool-2-thread-1 | o.f.o.h.r.RouterHandler | @system | Unloaded the route with id '00_test_route'
2021-01-07T01:25:25,057Z | INFO  | pool-2-thread-1 | o.f.o.h.r.RouterHandler | @system | Loaded the route with id '00_test_route' registered with the name 'test_route'
2021-01-07T01:25:55,038Z | INFO  | pool-2-thread-1 | o.f.o.h.r.RouterHandler | @system | Unloaded the route with id '00_test_route'
2021-01-07T01:25:55,059Z | INFO  | pool-2-thread-1 | o.f.o.h.r.RouterHandler | @system | Loaded the route with id '00_test_route' registered with the name 'test_route'
2021-01-07T01:27:25,040Z | INFO  | pool-2-thread-1 | o.f.o.h.r.RouterHandler | @system | Unloaded the route with id '00_test_route'
2021-01-07T01:27:26,076Z | INFO  | pool-2-thread-1 | o.f.o.h.r.RouterHandler | @system | Loaded the route with id '00_test_route' registered with the name 'test_route'
2021-01-07T01:41:55,039Z | INFO  | pool-2-thread-1 | o.f.o.h.r.RouterHandler | @system | Unloaded the route with id '00_test_route'
2021-01-07T01:41:55,552Z | INFO  | pool-2-thread-1 | o.f.o.h.r.RouterHandler | @system | Loaded the route with id '00_test_route' registered with the name 'test_route'
2021-01-07T01:44:25,134Z | INFO  | pool-2-thread-1 | o.f.o.h.r.RouterHandler | @system | Unloaded the route with id '00_test_route'
2021-01-07T01:44:25,141Z | INFO  | pool-2-thread-1 | o.f.o.h.r.RouterHandler | @system | Undeployed the route with id '00_test_route'
2021-01-07T01:44:26,786Z | INFO  | pool-2-thread-1 | o.f.o.h.r.RouterHandler | @system | Loaded the route with id '00_test_route' registered with the name 'test_route'
2021-01-07T01:44:26,795Z | INFO  | pool-2-thread-1 | o.f.o.h.r.RouterHandler | @system | Deployed the route with id '00_test_route' named 'test_route'
2021-01-07T01:44:49,548Z | INFO  | pool-2-thread-1 | o.f.o.h.r.RouterHandler | @system | Unloaded the route with id '00_test_route'
2021-01-07T01:44:49,558Z | INFO  | pool-2-thread-1 | o.f.o.h.r.RouterHandler | @system | Undeployed the route with id '00_test_route'
2021-01-07T01:45:05,073Z | INFO  | pool-2-thread-1 | o.f.o.h.r.RouterHandler | @system | Loaded the route with id '00_test_route' registered with the name 'test_route'
2021-01-07T01:46:15,039Z | INFO  | pool-2-thread-1 | o.f.o.h.r.RouterHandler | @system | Unloaded the route with id '00_test_route'
2021-01-07T01:46:15,060Z | INFO  | pool-2-thread-1 | o.f.o.h.r.RouterHandler | @system | Loaded the route with id '00_test_route' registered with the name 'test_route'
2021-01-07T01:46:25,040Z | INFO  | pool-2-thread-1 | o.f.o.h.r.RouterHandler | @system | Unloaded the route with id '00_test_route'
2021-01-07T01:46:25,064Z | INFO  | pool-2-thread-1 | o.f.o.h.r.RouterHandler | @system | Loaded the route with id '00_test_route' registered with the name 'test_route'
2021-01-07T01:47:12,958Z | INFO  | pool-2-thread-1 | o.f.o.h.r.RouterHandler | @system | Unloaded the route with id '00_test_route'
2021-01-07T01:47:12,997Z | INFO  | pool-2-thread-1 | o.f.o.h.r.RouterHandler | @system | Loaded the route with id '00_test_route' registered with the name 'test_route'
2021-01-07T01:47:13,009Z | INFO  | pool-2-thread-1 | o.f.o.h.r.RouterHandler | @system | Updated the route with id '00_test_route'
2021-01-07T01:47:22,261Z | INFO  | pool-2-thread-1 | o.f.o.h.r.RouterHandler | @system | Unloaded the route with id '00_test_route'
2021-01-07T01:47:22,281Z | INFO  | pool-2-thread-1 | o.f.o.h.r.RouterHandler | @system | Loaded the route with id '00_test_route' registered with the name 'test_route'
2021-01-07T01:47:22,290Z | INFO  | pool-2-thread-1 | o.f.o.h.r.RouterHandler | @system | Updated the route with id '00_test_route'
2021-01-07T01:59:45,773Z | ERROR | vert.x-eventloop-thread-3 | o.f.u.p.PromiseImpl | @system | Ignored unexpected exception thrown by ResultHandler
java.lang.NullPointerException: null
	at org.forgerock.http.vertx.server.ChfApplicationWebHandler.writeResponse(ChfApplicationWebHandler.java:222)
	at org.forgerock.http.vertx.server.ChfApplicationWebHandler.lambda$handleBodyInputStream$1(ChfApplicationWebHandler.java:195)
	at org.forgerock.util.promise.PromiseImpl.lambda$handleResult$4(PromiseImpl.java:464)
	at org.forgerock.util.promise.PromiseImpl.lambda$then$2(PromiseImpl.java:346)
	at org.forgerock.util.promise.PromiseImpl.handleCompletion(PromiseImpl.java:538)
	at org.forgerock.util.promise.PromiseImpl.addOrFireListener(PromiseImpl.java:526)
	at org.forgerock.util.promise.PromiseImpl.then(PromiseImpl.java:342)
	at org.forgerock.util.promise.PromiseImpl.then(PromiseImpl.java:333)
	at org.forgerock.util.promise.PromiseImpl.then(PromiseImpl.java:315)
	at org.forgerock.util.promise.PromiseImpl.thenOnResult(PromiseImpl.java:292)
	at org.forgerock.http.vertx.server.ChfApplicationWebHandler.handleBodyInputStream(ChfApplicationWebHandler.java:195)
	at org.forgerock.http.vertx.server.ChfApplicationWebHandler.lambda$handle$0(ChfApplicationWebHandler.java:154)
	at org.forgerock.http.vertx.server.StreamedBodyHandler.handle(StreamedBodyHandler.java:63)
	at io.vertx.core.http.impl.HttpServerRequestImpl.onEnd(HttpServerRequestImpl.java:521)
	at io.vertx.core.http.impl.HttpServerRequestImpl.handleEnd(HttpServerRequestImpl.java:507)
	at io.vertx.core.http.impl.Http1xServerConnection.handleEnd(Http1xServerConnection.java:176)
	at io.vertx.core.http.impl.Http1xServerConnection.handleMessage(Http1xServerConnection.java:138)
	at io.vertx.core.impl.ContextImpl.executeTask(ContextImpl.java:366)
	at io.vertx.core.impl.EventLoopContext.execute(EventLoopContext.java:43)
	at io.vertx.core.impl.ContextImpl.executeFromIO(ContextImpl.java:229)
	at io.vertx.core.net.impl.VertxHandler.channelRead(VertxHandler.java:173)
	at io.netty.channel.AbstractChannelHandlerContext.invokeChannelRead(AbstractChannelHandlerContext.java:379)
	at io.netty.channel.AbstractChannelHandlerContext.invokeChannelRead(AbstractChannelHandlerContext.java:365)
	at io.netty.channel.AbstractChannelHandlerContext.fireChannelRead(AbstractChannelHandlerContext.java:357)
	at io.netty.channel.ChannelInboundHandlerAdapter.channelRead(ChannelInboundHandlerAdapter.java:93)
	at io.netty.handler.codec.http.websocketx.extensions.WebSocketServerExtensionHandler.channelRead(WebSocketServerExtensionHandler.java:101)
	at io.netty.channel.AbstractChannelHandlerContext.invokeChannelRead(AbstractChannelHandlerContext.java:379)
	at io.netty.channel.AbstractChannelHandlerContext.invokeChannelRead(AbstractChannelHandlerContext.java:365)
	at io.netty.channel.AbstractChannelHandlerContext.fireChannelRead(AbstractChannelHandlerContext.java:357)
	at io.netty.handler.codec.ByteToMessageDecoder.fireChannelRead(ByteToMessageDecoder.java:324)
	at io.netty.handler.codec.ByteToMessageDecoder.channelRead(ByteToMessageDecoder.java:296)
	at io.netty.channel.AbstractChannelHandlerContext.invokeChannelRead(AbstractChannelHandlerContext.java:379)
	at io.netty.channel.AbstractChannelHandlerContext.invokeChannelRead(AbstractChannelHandlerContext.java:365)
	at io.netty.channel.AbstractChannelHandlerContext.fireChannelRead(AbstractChannelHandlerContext.java:357)
	at io.netty.channel.DefaultChannelPipeline$HeadContext.channelRead(DefaultChannelPipeline.java:1410)
	at io.netty.channel.AbstractChannelHandlerContext.invokeChannelRead(AbstractChannelHandlerContext.java:379)
	at io.netty.channel.AbstractChannelHandlerContext.invokeChannelRead(AbstractChannelHandlerContext.java:365)
	at io.netty.channel.DefaultChannelPipeline.fireChannelRead(DefaultChannelPipeline.java:919)
	at io.netty.channel.nio.AbstractNioByteChannel$NioByteUnsafe.read(AbstractNioByteChannel.java:163)
	at io.netty.channel.nio.NioEventLoop.processSelectedKey(NioEventLoop.java:714)
	at io.netty.channel.nio.NioEventLoop.processSelectedKeysOptimized(NioEventLoop.java:650)
	at io.netty.channel.nio.NioEventLoop.processSelectedKeys(NioEventLoop.java:576)
	at io.netty.channel.nio.NioEventLoop.run(NioEventLoop.java:493)
	at io.netty.util.concurrent.SingleThreadEventExecutor$4.run(SingleThreadEventExecutor.java:989)
	at io.netty.util.internal.ThreadExecutorMap$2.run(ThreadExecutorMap.java:74)
	at io.netty.util.concurrent.FastThreadLocalRunnable.run(FastThreadLocalRunnable.java:30)
	at java.base/java.lang.Thread.run(Unknown Source)
2021-01-07T02:02:57,823Z | ERROR | vert.x-eventloop-thread-3 | o.f.u.p.PromiseImpl | @system | Ignored unexpected exception thrown by ResultHandler
java.lang.NullPointerException: null
	at org.forgerock.http.vertx.server.ChfApplicationWebHandler.writeResponse(ChfApplicationWebHandler.java:222)
	at org.forgerock.http.vertx.server.ChfApplicationWebHandler.lambda$handleBodyInputStream$1(ChfApplicationWebHandler.java:195)
	at org.forgerock.util.promise.PromiseImpl.lambda$handleResult$4(PromiseImpl.java:464)
	at org.forgerock.util.promise.PromiseImpl.lambda$then$2(PromiseImpl.java:346)
	at org.forgerock.util.promise.PromiseImpl.handleCompletion(PromiseImpl.java:538)
	at org.forgerock.util.promise.PromiseImpl.addOrFireListener(PromiseImpl.java:526)
	at org.forgerock.util.promise.PromiseImpl.then(PromiseImpl.java:342)
	at org.forgerock.util.promise.PromiseImpl.then(PromiseImpl.java:333)
	at org.forgerock.util.promise.PromiseImpl.then(PromiseImpl.java:315)
	at org.forgerock.util.promise.PromiseImpl.thenOnResult(PromiseImpl.java:292)
	at org.forgerock.http.vertx.server.ChfApplicationWebHandler.handleBodyInputStream(ChfApplicationWebHandler.java:195)
	at org.forgerock.http.vertx.server.ChfApplicationWebHandler.lambda$handle$0(ChfApplicationWebHandler.java:154)
	at org.forgerock.http.vertx.server.StreamedBodyHandler.handle(StreamedBodyHandler.java:63)
	at io.vertx.core.http.impl.HttpServerRequestImpl.onEnd(HttpServerRequestImpl.java:521)
	at io.vertx.core.http.impl.HttpServerRequestImpl.handleEnd(HttpServerRequestImpl.java:507)
	at io.vertx.core.http.impl.Http1xServerConnection.handleEnd(Http1xServerConnection.java:176)
	at io.vertx.core.http.impl.Http1xServerConnection.handleMessage(Http1xServerConnection.java:138)
	at io.vertx.core.impl.ContextImpl.executeTask(ContextImpl.java:366)
	at io.vertx.core.impl.EventLoopContext.execute(EventLoopContext.java:43)
	at io.vertx.core.impl.ContextImpl.executeFromIO(ContextImpl.java:229)
	at io.vertx.core.net.impl.VertxHandler.channelRead(VertxHandler.java:173)
	at io.netty.channel.AbstractChannelHandlerContext.invokeChannelRead(AbstractChannelHandlerContext.java:379)
	at io.netty.channel.AbstractChannelHandlerContext.invokeChannelRead(AbstractChannelHandlerContext.java:365)
	at io.netty.channel.AbstractChannelHandlerContext.fireChannelRead(AbstractChannelHandlerContext.java:357)
	at io.netty.channel.ChannelInboundHandlerAdapter.channelRead(ChannelInboundHandlerAdapter.java:93)
	at io.netty.handler.codec.http.websocketx.extensions.WebSocketServerExtensionHandler.channelRead(WebSocketServerExtensionHandler.java:101)
	at io.netty.channel.AbstractChannelHandlerContext.invokeChannelRead(AbstractChannelHandlerContext.java:379)
	at io.netty.channel.AbstractChannelHandlerContext.invokeChannelRead(AbstractChannelHandlerContext.java:365)
	at io.netty.channel.AbstractChannelHandlerContext.fireChannelRead(AbstractChannelHandlerContext.java:357)
	at io.netty.handler.codec.ByteToMessageDecoder.fireChannelRead(ByteToMessageDecoder.java:324)
	at io.netty.handler.codec.ByteToMessageDecoder.channelRead(ByteToMessageDecoder.java:296)
	at io.netty.channel.AbstractChannelHandlerContext.invokeChannelRead(AbstractChannelHandlerContext.java:379)
	at io.netty.channel.AbstractChannelHandlerContext.invokeChannelRead(AbstractChannelHandlerContext.java:365)
	at io.netty.channel.AbstractChannelHandlerContext.fireChannelRead(AbstractChannelHandlerContext.java:357)
	at io.netty.channel.DefaultChannelPipeline$HeadContext.channelRead(DefaultChannelPipeline.java:1410)
	at io.netty.channel.AbstractChannelHandlerContext.invokeChannelRead(AbstractChannelHandlerContext.java:379)
	at io.netty.channel.AbstractChannelHandlerContext.invokeChannelRead(AbstractChannelHandlerContext.java:365)
	at io.netty.channel.DefaultChannelPipeline.fireChannelRead(DefaultChannelPipeline.java:919)
	at io.netty.channel.nio.AbstractNioByteChannel$NioByteUnsafe.read(AbstractNioByteChannel.java:163)
	at io.netty.channel.nio.NioEventLoop.processSelectedKey(NioEventLoop.java:714)
	at io.netty.channel.nio.NioEventLoop.processSelectedKeysOptimized(NioEventLoop.java:650)
	at io.netty.channel.nio.NioEventLoop.processSelectedKeys(NioEventLoop.java:576)
	at io.netty.channel.nio.NioEventLoop.run(NioEventLoop.java:493)
	at io.netty.util.concurrent.SingleThreadEventExecutor$4.run(SingleThreadEventExecutor.java:989)
	at io.netty.util.internal.ThreadExecutorMap$2.run(ThreadExecutorMap.java:74)
	at io.netty.util.concurrent.FastThreadLocalRunnable.run(FastThreadLocalRunnable.java:30)
	at java.base/java.lang.Thread.run(Unknown Source)
2021-01-07T02:03:58,501Z | ERROR | vert.x-eventloop-thread-4 | o.f.u.p.PromiseImpl | @system | Ignored unexpected exception thrown by ResultHandler
java.lang.NullPointerException: null
	at org.forgerock.http.vertx.server.ChfApplicationWebHandler.writeResponse(ChfApplicationWebHandler.java:222)
	at org.forgerock.http.vertx.server.ChfApplicationWebHandler.lambda$handleBodyInputStream$1(ChfApplicationWebHandler.java:195)
	at org.forgerock.util.promise.PromiseImpl.lambda$handleResult$4(PromiseImpl.java:464)
	at org.forgerock.util.promise.PromiseImpl.lambda$then$2(PromiseImpl.java:346)
	at org.forgerock.util.promise.PromiseImpl.handleCompletion(PromiseImpl.java:538)
	at org.forgerock.util.promise.PromiseImpl.addOrFireListener(PromiseImpl.java:526)
	at org.forgerock.util.promise.PromiseImpl.then(PromiseImpl.java:342)
	at org.forgerock.util.promise.PromiseImpl.then(PromiseImpl.java:333)
	at org.forgerock.util.promise.PromiseImpl.then(PromiseImpl.java:315)
	at org.forgerock.util.promise.PromiseImpl.thenOnResult(PromiseImpl.java:292)
	at org.forgerock.http.vertx.server.ChfApplicationWebHandler.handleBodyInputStream(ChfApplicationWebHandler.java:195)
	at org.forgerock.http.vertx.server.ChfApplicationWebHandler.lambda$handle$0(ChfApplicationWebHandler.java:154)
	at org.forgerock.http.vertx.server.StreamedBodyHandler.handle(StreamedBodyHandler.java:63)
	at io.vertx.core.http.impl.HttpServerRequestImpl.onEnd(HttpServerRequestImpl.java:521)
	at io.vertx.core.http.impl.HttpServerRequestImpl.handleEnd(HttpServerRequestImpl.java:507)
	at io.vertx.core.http.impl.Http1xServerConnection.handleEnd(Http1xServerConnection.java:176)
	at io.vertx.core.http.impl.Http1xServerConnection.handleMessage(Http1xServerConnection.java:138)
	at io.vertx.core.impl.ContextImpl.executeTask(ContextImpl.java:366)
	at io.vertx.core.impl.EventLoopContext.execute(EventLoopContext.java:43)
	at io.vertx.core.impl.ContextImpl.executeFromIO(ContextImpl.java:229)
	at io.vertx.core.net.impl.VertxHandler.channelRead(VertxHandler.java:173)
	at io.netty.channel.AbstractChannelHandlerContext.invokeChannelRead(AbstractChannelHandlerContext.java:379)
	at io.netty.channel.AbstractChannelHandlerContext.invokeChannelRead(AbstractChannelHandlerContext.java:365)
	at io.netty.channel.AbstractChannelHandlerContext.fireChannelRead(AbstractChannelHandlerContext.java:357)
	at io.netty.channel.ChannelInboundHandlerAdapter.channelRead(ChannelInboundHandlerAdapter.java:93)
	at io.netty.handler.codec.http.websocketx.extensions.WebSocketServerExtensionHandler.channelRead(WebSocketServerExtensionHandler.java:101)
	at io.netty.channel.AbstractChannelHandlerContext.invokeChannelRead(AbstractChannelHandlerContext.java:379)
	at io.netty.channel.AbstractChannelHandlerContext.invokeChannelRead(AbstractChannelHandlerContext.java:365)
	at io.netty.channel.AbstractChannelHandlerContext.fireChannelRead(AbstractChannelHandlerContext.java:357)
	at io.netty.handler.codec.ByteToMessageDecoder.fireChannelRead(ByteToMessageDecoder.java:324)
	at io.netty.handler.codec.ByteToMessageDecoder.channelRead(ByteToMessageDecoder.java:296)
	at io.netty.channel.AbstractChannelHandlerContext.invokeChannelRead(AbstractChannelHandlerContext.java:379)
	at io.netty.channel.AbstractChannelHandlerContext.invokeChannelRead(AbstractChannelHandlerContext.java:365)
	at io.netty.channel.AbstractChannelHandlerContext.fireChannelRead(AbstractChannelHandlerContext.java:357)
	at io.vertx.core.http.impl.Http1xOrH2CHandler.end(Http1xOrH2CHandler.java:61)
	at io.vertx.core.http.impl.Http1xOrH2CHandler.channelRead(Http1xOrH2CHandler.java:38)
	at io.netty.channel.AbstractChannelHandlerContext.invokeChannelRead(AbstractChannelHandlerContext.java:379)
	at io.netty.channel.AbstractChannelHandlerContext.invokeChannelRead(AbstractChannelHandlerContext.java:365)
	at io.netty.channel.AbstractChannelHandlerContext.fireChannelRead(AbstractChannelHandlerContext.java:357)
	at io.netty.channel.DefaultChannelPipeline$HeadContext.channelRead(DefaultChannelPipeline.java:1410)
	at io.netty.channel.AbstractChannelHandlerContext.invokeChannelRead(AbstractChannelHandlerContext.java:379)
	at io.netty.channel.AbstractChannelHandlerContext.invokeChannelRead(AbstractChannelHandlerContext.java:365)
	at io.netty.channel.DefaultChannelPipeline.fireChannelRead(DefaultChannelPipeline.java:919)
	at io.netty.channel.nio.AbstractNioByteChannel$NioByteUnsafe.read(AbstractNioByteChannel.java:163)
	at io.netty.channel.nio.NioEventLoop.processSelectedKey(NioEventLoop.java:714)
	at io.netty.channel.nio.NioEventLoop.processSelectedKeysOptimized(NioEventLoop.java:650)
	at io.netty.channel.nio.NioEventLoop.processSelectedKeys(NioEventLoop.java:576)
	at io.netty.channel.nio.NioEventLoop.run(NioEventLoop.java:493)
	at io.netty.util.concurrent.SingleThreadEventExecutor$4.run(SingleThreadEventExecutor.java:989)
	at io.netty.util.internal.ThreadExecutorMap$2.run(ThreadExecutorMap.java:74)
	at io.netty.util.concurrent.FastThreadLocalRunnable.run(FastThreadLocalRunnable.java:30)
	at java.base/java.lang.Thread.run(Unknown Source)
2021-01-07T02:04:56,801Z | ERROR | vert.x-eventloop-thread-2 | o.f.u.p.PromiseImpl | @system | Ignored unexpected exception thrown by ResultHandler
java.lang.NullPointerException: null
	at org.forgerock.http.vertx.server.ChfApplicationWebHandler.writeResponse(ChfApplicationWebHandler.java:222)
	at org.forgerock.http.vertx.server.ChfApplicationWebHandler.lambda$handleBodyInputStream$1(ChfApplicationWebHandler.java:195)
	at org.forgerock.util.promise.PromiseImpl.lambda$handleResult$4(PromiseImpl.java:464)
	at org.forgerock.util.promise.PromiseImpl.lambda$then$2(PromiseImpl.java:346)
	at org.forgerock.util.promise.PromiseImpl.handleCompletion(PromiseImpl.java:538)
	at org.forgerock.util.promise.PromiseImpl.addOrFireListener(PromiseImpl.java:526)
	at org.forgerock.util.promise.PromiseImpl.then(PromiseImpl.java:342)
	at org.forgerock.util.promise.PromiseImpl.then(PromiseImpl.java:333)
	at org.forgerock.util.promise.PromiseImpl.then(PromiseImpl.java:315)
	at org.forgerock.util.promise.PromiseImpl.thenOnResult(PromiseImpl.java:292)
	at org.forgerock.http.vertx.server.ChfApplicationWebHandler.handleBodyInputStream(ChfApplicationWebHandler.java:195)
	at org.forgerock.http.vertx.server.ChfApplicationWebHandler.lambda$handle$0(ChfApplicationWebHandler.java:154)
	at org.forgerock.http.vertx.server.StreamedBodyHandler.handle(StreamedBodyHandler.java:63)
	at io.vertx.core.http.impl.HttpServerRequestImpl.onEnd(HttpServerRequestImpl.java:521)
	at io.vertx.core.http.impl.HttpServerRequestImpl.handleEnd(HttpServerRequestImpl.java:507)
	at io.vertx.core.http.impl.Http1xServerConnection.handleEnd(Http1xServerConnection.java:176)
	at io.vertx.core.http.impl.Http1xServerConnection.handleMessage(Http1xServerConnection.java:138)
	at io.vertx.core.impl.ContextImpl.executeTask(ContextImpl.java:366)
	at io.vertx.core.impl.EventLoopContext.execute(EventLoopContext.java:43)
	at io.vertx.core.impl.ContextImpl.executeFromIO(ContextImpl.java:229)
	at io.vertx.core.net.impl.VertxHandler.channelRead(VertxHandler.java:173)
	at io.netty.channel.AbstractChannelHandlerContext.invokeChannelRead(AbstractChannelHandlerContext.java:379)
	at io.netty.channel.AbstractChannelHandlerContext.invokeChannelRead(AbstractChannelHandlerContext.java:365)
	at io.netty.channel.AbstractChannelHandlerContext.fireChannelRead(AbstractChannelHandlerContext.java:357)
	at io.netty.channel.ChannelInboundHandlerAdapter.channelRead(ChannelInboundHandlerAdapter.java:93)
	at io.netty.handler.codec.http.websocketx.extensions.WebSocketServerExtensionHandler.channelRead(WebSocketServerExtensionHandler.java:101)
	at io.netty.channel.AbstractChannelHandlerContext.invokeChannelRead(AbstractChannelHandlerContext.java:379)
	at io.netty.channel.AbstractChannelHandlerContext.invokeChannelRead(AbstractChannelHandlerContext.java:365)
	at io.netty.channel.AbstractChannelHandlerContext.fireChannelRead(AbstractChannelHandlerContext.java:357)
	at io.netty.handler.codec.ByteToMessageDecoder.fireChannelRead(ByteToMessageDecoder.java:324)
	at io.netty.handler.codec.ByteToMessageDecoder.channelRead(ByteToMessageDecoder.java:296)
	at io.netty.channel.AbstractChannelHandlerContext.invokeChannelRead(AbstractChannelHandlerContext.java:379)
	at io.netty.channel.AbstractChannelHandlerContext.invokeChannelRead(AbstractChannelHandlerContext.java:365)
	at io.netty.channel.AbstractChannelHandlerContext.fireChannelRead(AbstractChannelHandlerContext.java:357)
	at io.vertx.core.http.impl.Http1xOrH2CHandler.end(Http1xOrH2CHandler.java:61)
	at io.vertx.core.http.impl.Http1xOrH2CHandler.channelRead(Http1xOrH2CHandler.java:38)
	at io.netty.channel.AbstractChannelHandlerContext.invokeChannelRead(AbstractChannelHandlerContext.java:379)
	at io.netty.channel.AbstractChannelHandlerContext.invokeChannelRead(AbstractChannelHandlerContext.java:365)
	at io.netty.channel.AbstractChannelHandlerContext.fireChannelRead(AbstractChannelHandlerContext.java:357)
	at io.netty.channel.DefaultChannelPipeline$HeadContext.channelRead(DefaultChannelPipeline.java:1410)
	at io.netty.channel.AbstractChannelHandlerContext.invokeChannelRead(AbstractChannelHandlerContext.java:379)
	at io.netty.channel.AbstractChannelHandlerContext.invokeChannelRead(AbstractChannelHandlerContext.java:365)
	at io.netty.channel.DefaultChannelPipeline.fireChannelRead(DefaultChannelPipeline.java:919)
	at io.netty.channel.nio.AbstractNioByteChannel$NioByteUnsafe.read(AbstractNioByteChannel.java:163)
	at io.netty.channel.nio.NioEventLoop.processSelectedKey(NioEventLoop.java:714)
	at io.netty.channel.nio.NioEventLoop.processSelectedKeysOptimized(NioEventLoop.java:650)
	at io.netty.channel.nio.NioEventLoop.processSelectedKeys(NioEventLoop.java:576)
	at io.netty.channel.nio.NioEventLoop.run(NioEventLoop.java:493)
	at io.netty.util.concurrent.SingleThreadEventExecutor$4.run(SingleThreadEventExecutor.java:989)
	at io.netty.util.internal.ThreadExecutorMap$2.run(ThreadExecutorMap.java:74)
	at io.netty.util.concurrent.FastThreadLocalRunnable.run(FastThreadLocalRunnable.java:30)
	at java.base/java.lang.Thread.run(Unknown Source)
